dh_installchangelogs
dh_installdocs
dh_installinit
dh_installdeb
dh_gencontrol
dh_md5sums
dh_builddeb
dh_installchangelogs
dh_installdocs
dh_installinit
dh_installdeb
dh_gencontrol
dh_md5sums
dh_builddeb
dh_installchangelogs
dh_installdocs
dh_installinit
dh_installdeb
dh_gencontrol
dh_md5sums
dh_builddeb
dh_installchangelogs
dh_installdocs
dh_installchangelogs
dh_installdocs
dh_installinit
dh_installdeb
dh_gencontrol
dh_md5sums
dh_builddeb
dh_installchangelogs
dh_installdocs
dh_installinit
dh_installdeb
dh_gencontrol
dh_md5sums
dh_builddeb
dh_installchangelogs
dh_installdocs
dh_installinit
dh_installdeb
dh_gencontrol
dh_md5sums
dh_builddeb
